[2025-09-10 11:02:41.382] INFO [进程ID: 15320] [线程ID: 1] [DMMDZZ_Game_Start.App.ForceAttachConsole]: 开始附加控制台
[2025-09-10 11:02:41.394] INFO [进程ID: 15320] [线程ID: 1] [DMMDZZ_Game_Start.App.ForceAttachConsole]: 当前无控制台或控制台不可用，尝试附加新控制台
[2025-09-10 11:02:41.506] INFO [进程ID: 15320] [线程ID: 1] [DMMDZZ_Game_Start.App.ForceAttachConsole]: AllocConsole 结果: True
[2025-09-10 11:02:41.508] INFO [进程ID: 15320] [线程ID: 1] [DMMDZZ_Game_Start.App.ForceAttachConsole]: 设置控制台UTF-8编码 - 输出: True, 输入: True
[2025-09-10 11:02:41.509] INFO [进程ID: 15320] [线程ID: 1] [DMMDZZ_Game_Start.App.ForceAttachConsole]: 已成功重新初始化标准输出流并设置UTF8编码
[2025-09-10 11:02:41.510] INFO [进程ID: 15320] [线程ID: 1] [DMMDZZ_Game_Start.App.ForceAttachConsole]: 中文测试显示 - App.Log
[2025-09-10 11:02:41.511] INFO [进程ID: 15320] [线程ID: 1] [DMMDZZ_Game_Start.App.ForceAttachConsole]: 控制台附加完成
[2025-09-10 11:02:41.512] INFO [进程ID: 15320] [线程ID: 1] [DMMDZZ_Game_Start.App.LogStartupInfo]: 开始处理命令行参数
[2025-09-10 11:02:41.512] INFO [进程ID: 15320] [线程ID: 1] [DMMDZZ_Game_Start.App.LogStartupInfo]: 应用程序基目录: F:\out\DMM_Hide_Launcher_Beta\DMM_Hide_Launcher\bin\Debug\net8.0-windows\
[2025-09-10 11:02:41.513] INFO [进程ID: 15320] [线程ID: 1] [DMMDZZ_Game_Start.App.LogStartupInfo]: 日志文件路径: F:\out\DMM_Hide_Launcher_Beta\DMM_Hide_Launcher\bin\Debug\net8.0-windows\Logs\DMM_Hide_Launcher_20250910_110240.log
[2025-09-10 11:02:41.514] INFO [进程ID: 15320] [线程ID: 1] [DMMDZZ_Game_Start.App.LogStartupInfo]: 接收到 1 个命令行参数: --log
[2025-09-10 11:02:41.514] INFO [进程ID: 15320] [线程ID: 1] [DMMDZZ_Game_Start.App.LogStartupInfo]: 日志模式已启用
[2025-09-10 11:02:41.515] INFO [进程ID: 15320] [线程ID: 1] [DMMDZZ_Game_Start.App.LogStartupInfo]: 命令行参数处理完成 - 调试模式: False, 日志模式: True
[2025-09-10 11:02:41.517] INFO [进程ID: 15320] [线程ID: 1] [DMMDZZ_Game_Start.App.OnStartup]: 配置全局异常处理机制
[2025-09-10 11:02:41.518] INFO [进程ID: 15320] [线程ID: 1] [DMMDZZ_Game_Start.App.OnStartup]: 应用程序启动完成
[2025-09-10 11:02:41.744] INFO [进程ID: 15320] [线程ID: 1] [DMMDZZ_Game_Start.MainWindow..ctor]: 程序启动，主窗口初始化开始
[2025-09-10 11:02:41.747] INFO [进程ID: 15320] [线程ID: 1] [DMMDZZ_Game_Start.MainWindow+<LoadConfig>d__21.MoveNext]: 开始加载配置文件: config.xml
[2025-09-10 11:02:41.748] INFO [进程ID: 15320] [线程ID: 1] [DMMDZZ_Game_Start.MainWindow+<LoadConfig>d__21.MoveNext]: 配置文件存在，开始解析
[2025-09-10 11:02:41.751] INFO [进程ID: 15320] [线程ID: 1] [DMMDZZ_Game_Start.MainWindow+<LoadConfig>d__21.MoveNext]: 配置文件解析成功，游戏路径: 
[2025-09-10 11:02:41.752] INFO [进程ID: 15320] [线程ID: 1] [DMMDZZ_Game_Start.MainWindow+<LoadConfig>d__21.MoveNext]: 配置文件解析成功，7K账号: 
[2025-09-10 11:02:41.755] INFO [进程ID: 15320] [线程ID: 1] [DMMDZZ_Game_Start.MainWindow..ctor]: 配置文件加载成功
[2025-09-10 11:02:41.758] INFO [进程ID: 15320] [线程ID: 1] [DMMDZZ_Game_Start.MainWindow+<Load_Update_XML_First>d__18.MoveNext]: 开始从小米应用商店获取版本信息
[2025-09-10 11:02:41.791] INFO [进程ID: 15320] [线程ID: 1] [DMMDZZ_Game_Start.MainWindow..ctor]: XML数据加载成功
[2025-09-10 11:02:41.793] INFO [进程ID: 15320] [线程ID: 1] [DMMDZZ_Game_Start.MainWindow..ctor]: 主窗口初始化完成
[2025-09-10 11:02:42.099] INFO [进程ID: 15320] [线程ID: 1] [DMMDZZ_Game_Start.MainWindow+<LoadConfig>d__21.MoveNext]: 窗口已加载，准备加载49ID和账号信息
[2025-09-10 11:02:42.104] INFO [进程ID: 15320] [线程ID: 1] [DMMDZZ_Game_Start.MainWindow.LoadAccounts]: 开始加载账号信息: accounts.json
[2025-09-10 11:02:42.106] INFO [进程ID: 15320] [线程ID: 1] [DMMDZZ_Game_Start.MainWindow.LoadAccounts]: 账号文件不存在，跳过加载
[2025-09-10 11:02:42.115] INFO [进程ID: 15320] [线程ID: 1] [DMMDZZ_Game_Start.MainWindow+<Load_Update_XML_First>d__18.MoveNext]: 成功获取游戏版本号: 8.33.0
[2025-09-10 11:02:42.118] INFO [进程ID: 15320] [线程ID: 1] [DMMDZZ_Game_Start.MainWindow+<Version_Reload>d__20.MoveNext]: 开始处理版本号: 8.33.0
[2025-09-10 11:02:42.119] INFO [进程ID: 15320] [线程ID: 1] [DMMDZZ_Game_Start.MainWindow+<Version_Reload>d__20.MoveNext]: 版本号拆分为 3 部分: 8, 33, 0
[2025-09-10 11:02:42.120] INFO [进程ID: 15320] [线程ID: 1] [DMMDZZ_Game_Start.MainWindow+<Version_Reload>d__20.MoveNext]: 版本号不足4位，末尾添加.0
[2025-09-10 11:02:42.120] INFO [进程ID: 15320] [线程ID: 1] [DMMDZZ_Game_Start.MainWindow+<Version_Reload>d__20.MoveNext]: 处理后的版本号: 8.33.0.0
[2025-09-10 11:02:42.123] INFO [进程ID: 15320] [线程ID: 1] [DMMDZZ_Game_Start.MainWindow+<Load_Update_XML_Second>d__19.MoveNext]: 开始从更新服务器获取XML数据，URL: https://update.version.brmyx.com/get_verion_control_xml_string.xml?pfID=36&appId=com.bairimeng.dmmdzz.pc.36&versionKey=8.33.0.0
[2025-09-10 11:02:42.162] INFO [进程ID: 15320] [线程ID: 1] [DMMDZZ_Game_Start.MainWindow+<Load_Update_XML_Second>d__19.MoveNext]: 成功解析XML更新数据
[2025-09-10 11:02:43.250] INFO [进程ID: 15320] [线程ID: 1] [DMMDZZ_Game_Start.MainWindow.Button_Theme_Click]: 开始主题切换操作
[2025-09-10 11:02:43.267] INFO [进程ID: 15320] [线程ID: 1] [DMMDZZ_Game_Start.MainWindow.Button_Theme_Click]: 当前为亮色主题，准备切换到暗色主题
[2025-09-10 11:02:43.331] INFO [进程ID: 15320] [线程ID: 1] [DMMDZZ_Game_Start.MainWindow.Button_Theme_Click]: 主题切换完成，当前主题: 暗色
[2025-09-10 11:02:43.403] ERROR [进程ID: 15320] [线程ID: 1] [DMMDZZ_Game_Start.App.App_DispatcherUnhandledException]: UI线程异常: Could not find a part of the path 'F:\public\moon.ico'.
异常类型: System.IO.DirectoryNotFoundException
异常消息: Could not find a part of the path 'F:\public\moon.ico'.
堆栈跟踪:    at Microsoft.Win32.SafeHandles.SafeFileHandle.CreateFile(String fullPath, FileMode mode, FileAccess access, FileShare share, FileOptions options)
   at Microsoft.Win32.SafeHandles.SafeFileHandle.Open(String fullPath, FileMode mode, FileAccess access, FileShare share, FileOptions options, Int64 preallocationSize, Nullable`1 unixCreateMode)
   at System.IO.Strategies.OSFileStreamStrategy..ctor(String path, FileMode mode, FileAccess access, FileShare share, FileOptions options, Int64 preallocationSize, Nullable`1 unixCreateMode)
   at System.IO.Strategies.FileStreamHelpers.ChooseStrategyCore(String path, FileMode mode, FileAccess access, FileShare share, FileOptions options, Int64 preallocationSize, Nullable`1 unixCreateMode)
   at System.IO.FileStream..ctor(String path, FileMode mode, FileAccess access, FileShare share)
   at System.Windows.Media.Imaging.BitmapDecoder.SetupDecoderFromUriOrStream(Uri uri, Stream stream, BitmapCacheOption cacheOption, Guid& clsId, Boolean& isOriginalWritable, Stream& uriStream, UnmanagedMemoryStream& unmanagedMemoryStream, SafeFileHandle& safeFilehandle)
   at System.Windows.Media.Imaging.BitmapDecoder.CreateFromUriOrStream(Uri baseUri, Uri uri, Stream stream, BitmapCreateOptions createOptions, BitmapCacheOption cacheOption, RequestCachePolicy uriCachePolicy, Boolean insertInDecoderCache)
   at System.Windows.Media.Imaging.BitmapImage.FinalizeCreation()
   at System.Windows.Media.Imaging.BitmapSource.CompleteDelayedCreation()
   at System.Windows.Media.Imaging.BitmapSource.get_WicSourceHandle()
   at System.Windows.Media.Imaging.BitmapSource.get_DUCECompatiblePtr()
   at System.Windows.Media.Imaging.BitmapSource.UpdateBitmapSourceResource(Channel channel, Boolean skipOnChannelCheck)
   at System.Windows.Media.Imaging.BitmapSource.AddRefOnChannelCore(Channel channel)
   at System.Windows.Media.Imaging.BitmapSource.System.Windows.Media.Composition.DUCE.IResource.AddRefOnChannel(Channel channel)
   at System.Windows.Media.ImageBrush.AddRefOnChannelCore(Channel channel)
   at System.Windows.Media.Brush.System.Windows.Media.Composition.DUCE.IResource.AddRefOnChannel(Channel channel)
   at System.Windows.Media.RenderData.System.Windows.Media.Composition.DUCE.IResource.AddRefOnChannel(Channel channel)
   at System.Windows.UIElement.RenderContent(RenderContext ctx, Boolean isOnChannel)
   at System.Windows.Media.Visual.UpdateContent(RenderContext ctx, VisualProxyFlags flags, Boolean isOnChannel)
   at System.Windows.Media.Visual.RenderRecursive(RenderContext ctx)
   at System.Windows.Media.Visual.UpdateChildren(RenderContext ctx, ResourceHandle handle)
   at System.Windows.Media.Visual.RenderRecursive(RenderContext ctx)
   at System.Windows.Media.Visual.UpdateChildren(RenderContext ctx, ResourceHandle handle)
   at System.Windows.Media.Visual.RenderRecursive(RenderContext ctx)
   at System.Windows.Media.Visual.UpdateChildren(RenderContext ctx, ResourceHandle handle)
   at System.Windows.Media.Visual.RenderRecursive(RenderContext ctx)
   at System.Windows.Media.Visual.UpdateChildren(RenderContext ctx, ResourceHandle handle)
   at System.Windows.Media.Visual.RenderRecursive(RenderContext ctx)
   at System.Windows.Media.Visual.UpdateChildren(RenderContext ctx, ResourceHandle handle)
   at System.Windows.Media.Visual.RenderRecursive(RenderContext ctx)
   at System.Windows.Media.Visual.UpdateChildren(RenderContext ctx, ResourceHandle handle)
   at System.Windows.Media.Visual.RenderRecursive(RenderContext ctx)
   at System.Windows.Media.Visual.UpdateChildren(RenderContext ctx, ResourceHandle handle)
   at System.Windows.Media.Visual.RenderRecursive(RenderContext ctx)
   at System.Windows.Media.Visual.UpdateChildren(RenderContext ctx, ResourceHandle handle)
   at System.Windows.Media.Visual.RenderRecursive(RenderContext ctx)
   at System.Windows.Media.Visual.Render(RenderContext ctx, UInt32 childIndex)
   at System.Windows.Media.CompositionTarget.Compile(Channel channel)
   at System.Windows.Media.CompositionTarget.System.Windows.Media.ICompositionTarget.Render(Boolean inResize, Channel channel)
   at System.Windows.Media.MediaContext.Render(ICompositionTarget resizedCompositionTarget)
   at System.Windows.Media.MediaContext.RenderMessageHandlerCore(Object resizedCompositionTarget)
   at System.Windows.Media.MediaContext.RenderMessageHandler(Object resizedCompositionTarget)
   at System.Windows.Threading.ExceptionWrapper.InternalRealCall(Delegate callback, Object args, Int32 numArgs)
   at System.Windows.Threading.ExceptionWrapper.TryCatchWhen(Object source, Delegate callback, Object args, Int32 numArgs, Delegate catchHandler)
[2025-09-10 11:02:46.245] INFO [进程ID: 15320] [线程ID: 1] [DMMDZZ_Game_Start.MainWindow.Button_Theme_Click]: 开始主题切换操作
[2025-09-10 11:02:46.256] INFO [进程ID: 15320] [线程ID: 1] [DMMDZZ_Game_Start.MainWindow.Button_Theme_Click]: 当前为暗色主题，准备切换到亮色主题
[2025-09-10 11:02:46.309] INFO [进程ID: 15320] [线程ID: 1] [DMMDZZ_Game_Start.MainWindow.Button_Theme_Click]: 主题切换完成，当前主题: 亮色
[2025-09-10 11:02:46.352] ERROR [进程ID: 15320] [线程ID: 1] [DMMDZZ_Game_Start.App.App_DispatcherUnhandledException]: UI线程异常: Could not find a part of the path 'F:\public\sun.ico'.
异常类型: System.IO.DirectoryNotFoundException
异常消息: Could not find a part of the path 'F:\public\sun.ico'.
堆栈跟踪:    at Microsoft.Win32.SafeHandles.SafeFileHandle.CreateFile(String fullPath, FileMode mode, FileAccess access, FileShare share, FileOptions options)
   at Microsoft.Win32.SafeHandles.SafeFileHandle.Open(String fullPath, FileMode mode, FileAccess access, FileShare share, FileOptions options, Int64 preallocationSize, Nullable`1 unixCreateMode)
   at System.IO.Strategies.OSFileStreamStrategy..ctor(String path, FileMode mode, FileAccess access, FileShare share, FileOptions options, Int64 preallocationSize, Nullable`1 unixCreateMode)
   at System.IO.Strategies.FileStreamHelpers.ChooseStrategyCore(String path, FileMode mode, FileAccess access, FileShare share, FileOptions options, Int64 preallocationSize, Nullable`1 unixCreateMode)
   at System.IO.FileStream..ctor(String path, FileMode mode, FileAccess access, FileShare share)
   at System.Windows.Media.Imaging.BitmapDecoder.SetupDecoderFromUriOrStream(Uri uri, Stream stream, BitmapCacheOption cacheOption, Guid& clsId, Boolean& isOriginalWritable, Stream& uriStream, UnmanagedMemoryStream& unmanagedMemoryStream, SafeFileHandle& safeFilehandle)
   at System.Windows.Media.Imaging.BitmapDecoder.CreateFromUriOrStream(Uri baseUri, Uri uri, Stream stream, BitmapCreateOptions createOptions, BitmapCacheOption cacheOption, RequestCachePolicy uriCachePolicy, Boolean insertInDecoderCache)
   at System.Windows.Media.Imaging.BitmapImage.FinalizeCreation()
   at System.Windows.Media.Imaging.BitmapSource.CompleteDelayedCreation()
   at System.Windows.Media.Imaging.BitmapSource.get_WicSourceHandle()
   at System.Windows.Media.Imaging.BitmapSource.get_DUCECompatiblePtr()
   at System.Windows.Media.Imaging.BitmapSource.UpdateBitmapSourceResource(Channel channel, Boolean skipOnChannelCheck)
   at System.Windows.Media.Imaging.BitmapSource.AddRefOnChannelCore(Channel channel)
   at System.Windows.Media.Imaging.BitmapSource.System.Windows.Media.Composition.DUCE.IResource.AddRefOnChannel(Channel channel)
   at System.Windows.Media.ImageBrush.AddRefOnChannelCore(Channel channel)
   at System.Windows.Media.Brush.System.Windows.Media.Composition.DUCE.IResource.AddRefOnChannel(Channel channel)
   at System.Windows.Media.RenderData.System.Windows.Media.Composition.DUCE.IResource.AddRefOnChannel(Channel channel)
   at System.Windows.UIElement.RenderContent(RenderContext ctx, Boolean isOnChannel)
   at System.Windows.Media.Visual.UpdateContent(RenderContext ctx, VisualProxyFlags flags, Boolean isOnChannel)
   at System.Windows.Media.Visual.RenderRecursive(RenderContext ctx)
   at System.Windows.Media.Visual.UpdateChildren(RenderContext ctx, ResourceHandle handle)
   at System.Windows.Media.Visual.RenderRecursive(RenderContext ctx)
   at System.Windows.Media.Visual.UpdateChildren(RenderContext ctx, ResourceHandle handle)
   at System.Windows.Media.Visual.RenderRecursive(RenderContext ctx)
   at System.Windows.Media.Visual.UpdateChildren(RenderContext ctx, ResourceHandle handle)
   at System.Windows.Media.Visual.RenderRecursive(RenderContext ctx)
   at System.Windows.Media.Visual.UpdateChildren(RenderContext ctx, ResourceHandle handle)
   at System.Windows.Media.Visual.RenderRecursive(RenderContext ctx)
   at System.Windows.Media.Visual.UpdateChildren(RenderContext ctx, ResourceHandle handle)
   at System.Windows.Media.Visual.RenderRecursive(RenderContext ctx)
   at System.Windows.Media.Visual.UpdateChildren(RenderContext ctx, ResourceHandle handle)
   at System.Windows.Media.Visual.RenderRecursive(RenderContext ctx)
   at System.Windows.Media.Visual.UpdateChildren(RenderContext ctx, ResourceHandle handle)
   at System.Windows.Media.Visual.RenderRecursive(RenderContext ctx)
   at System.Windows.Media.Visual.UpdateChildren(RenderContext ctx, ResourceHandle handle)
   at System.Windows.Media.Visual.RenderRecursive(RenderContext ctx)
   at System.Windows.Media.Visual.Render(RenderContext ctx, UInt32 childIndex)
   at System.Windows.Media.CompositionTarget.Compile(Channel channel)
   at System.Windows.Media.CompositionTarget.System.Windows.Media.ICompositionTarget.Render(Boolean inResize, Channel channel)
   at System.Windows.Media.MediaContext.Render(ICompositionTarget resizedCompositionTarget)
   at System.Windows.Media.MediaContext.RenderMessageHandlerCore(Object resizedCompositionTarget)
   at System.Windows.Media.MediaContext.RenderMessageHandler(Object resizedCompositionTarget)
   at System.Windows.Threading.ExceptionWrapper.InternalRealCall(Delegate callback, Object args, Int32 numArgs)
   at System.Windows.Threading.ExceptionWrapper.TryCatchWhen(Object source, Delegate callback, Object args, Int32 numArgs, Delegate catchHandler)
[2025-09-10 11:02:50.883] INFO [进程ID: 15320] [线程ID: 1] [DMMDZZ_Game_Start.MainWindow.Button_Theme_Click]: 开始主题切换操作
[2025-09-10 11:02:50.889] INFO [进程ID: 15320] [线程ID: 1] [DMMDZZ_Game_Start.MainWindow.Button_Theme_Click]: 当前为亮色主题，准备切换到暗色主题
[2025-09-10 11:02:50.917] INFO [进程ID: 15320] [线程ID: 1] [DMMDZZ_Game_Start.MainWindow.Button_Theme_Click]: 主题切换完成，当前主题: 暗色
[2025-09-10 11:02:50.944] ERROR [进程ID: 15320] [线程ID: 1] [DMMDZZ_Game_Start.App.App_DispatcherUnhandledException]: UI线程异常: Could not find a part of the path 'F:\public\moon.ico'.
异常类型: System.IO.DirectoryNotFoundException
异常消息: Could not find a part of the path 'F:\public\moon.ico'.
堆栈跟踪:    at Microsoft.Win32.SafeHandles.SafeFileHandle.CreateFile(String fullPath, FileMode mode, FileAccess access, FileShare share, FileOptions options)
   at Microsoft.Win32.SafeHandles.SafeFileHandle.Open(String fullPath, FileMode mode, FileAccess access, FileShare share, FileOptions options, Int64 preallocationSize, Nullable`1 unixCreateMode)
   at System.IO.Strategies.OSFileStreamStrategy..ctor(String path, FileMode mode, FileAccess access, FileShare share, FileOptions options, Int64 preallocationSize, Nullable`1 unixCreateMode)
   at System.IO.Strategies.FileStreamHelpers.ChooseStrategyCore(String path, FileMode mode, FileAccess access, FileShare share, FileOptions options, Int64 preallocationSize, Nullable`1 unixCreateMode)
   at System.IO.FileStream..ctor(String path, FileMode mode, FileAccess access, FileShare share)
   at System.Windows.Media.Imaging.BitmapDecoder.SetupDecoderFromUriOrStream(Uri uri, Stream stream, BitmapCacheOption cacheOption, Guid& clsId, Boolean& isOriginalWritable, Stream& uriStream, UnmanagedMemoryStream& unmanagedMemoryStream, SafeFileHandle& safeFilehandle)
   at System.Windows.Media.Imaging.BitmapDecoder.CreateFromUriOrStream(Uri baseUri, Uri uri, Stream stream, BitmapCreateOptions createOptions, BitmapCacheOption cacheOption, RequestCachePolicy uriCachePolicy, Boolean insertInDecoderCache)
   at System.Windows.Media.Imaging.BitmapImage.FinalizeCreation()
   at System.Windows.Media.Imaging.BitmapSource.CompleteDelayedCreation()
   at System.Windows.Media.Imaging.BitmapSource.get_WicSourceHandle()
   at System.Windows.Media.Imaging.BitmapSource.get_DUCECompatiblePtr()
   at System.Windows.Media.Imaging.BitmapSource.UpdateBitmapSourceResource(Channel channel, Boolean skipOnChannelCheck)
   at System.Windows.Media.Imaging.BitmapSource.AddRefOnChannelCore(Channel channel)
   at System.Windows.Media.Imaging.BitmapSource.System.Windows.Media.Composition.DUCE.IResource.AddRefOnChannel(Channel channel)
   at System.Windows.Media.ImageBrush.AddRefOnChannelCore(Channel channel)
   at System.Windows.Media.Brush.System.Windows.Media.Composition.DUCE.IResource.AddRefOnChannel(Channel channel)
   at System.Windows.Media.RenderData.System.Windows.Media.Composition.DUCE.IResource.AddRefOnChannel(Channel channel)
   at System.Windows.UIElement.RenderContent(RenderContext ctx, Boolean isOnChannel)
   at System.Windows.Media.Visual.RenderRecursive(RenderContext ctx)
   at System.Windows.Media.Visual.UpdateChildren(RenderContext ctx, ResourceHandle handle)
   at System.Windows.Media.Visual.RenderRecursive(RenderContext ctx)
   at System.Windows.Media.Visual.UpdateChildren(RenderContext ctx, ResourceHandle handle)
   at System.Windows.Media.Visual.RenderRecursive(RenderContext ctx)
   at System.Windows.Media.Visual.UpdateChildren(RenderContext ctx, ResourceHandle handle)
   at System.Windows.Media.Visual.RenderRecursive(RenderContext ctx)
   at System.Windows.Media.Visual.UpdateChildren(RenderContext ctx, ResourceHandle handle)
   at System.Windows.Media.Visual.RenderRecursive(RenderContext ctx)
   at System.Windows.Media.Visual.UpdateChildren(RenderContext ctx, ResourceHandle handle)
   at System.Windows.Media.Visual.RenderRecursive(RenderContext ctx)
   at System.Windows.Media.Visual.UpdateChildren(RenderContext ctx, ResourceHandle handle)
   at System.Windows.Media.Visual.RenderRecursive(RenderContext ctx)
   at System.Windows.Media.Visual.UpdateChildren(RenderContext ctx, ResourceHandle handle)
   at System.Windows.Media.Visual.RenderRecursive(RenderContext ctx)
   at System.Windows.Media.Visual.UpdateChildren(RenderContext ctx, ResourceHandle handle)
   at System.Windows.Media.Visual.RenderRecursive(RenderContext ctx)
   at System.Windows.Media.Visual.Render(RenderContext ctx, UInt32 childIndex)
   at System.Windows.Media.CompositionTarget.Compile(Channel channel)
   at System.Windows.Media.CompositionTarget.System.Windows.Media.ICompositionTarget.Render(Boolean inResize, Channel channel)
   at System.Windows.Media.MediaContext.Render(ICompositionTarget resizedCompositionTarget)
   at System.Windows.Media.MediaContext.RenderMessageHandlerCore(Object resizedCompositionTarget)
   at System.Windows.Media.MediaContext.RenderMessageHandler(Object resizedCompositionTarget)
   at System.Windows.Threading.ExceptionWrapper.InternalRealCall(Delegate callback, Object args, Int32 numArgs)
   at System.Windows.Threading.ExceptionWrapper.TryCatchWhen(Object source, Delegate callback, Object args, Int32 numArgs, Delegate catchHandler)
[2025-09-10 11:02:52.235] INFO [进程ID: 15320] [线程ID: 1] [DMMDZZ_Game_Start.MainWindow.Button_Theme_Click]: 开始主题切换操作
[2025-09-10 11:02:52.246] INFO [进程ID: 15320] [线程ID: 1] [DMMDZZ_Game_Start.MainWindow.Button_Theme_Click]: 当前为暗色主题，准备切换到亮色主题
[2025-09-10 11:02:52.273] INFO [进程ID: 15320] [线程ID: 1] [DMMDZZ_Game_Start.MainWindow.Button_Theme_Click]: 主题切换完成，当前主题: 亮色
[2025-09-10 11:02:52.308] ERROR [进程ID: 15320] [线程ID: 1] [DMMDZZ_Game_Start.App.App_DispatcherUnhandledException]: UI线程异常: Could not find a part of the path 'F:\public\sun.ico'.
异常类型: System.IO.DirectoryNotFoundException
异常消息: Could not find a part of the path 'F:\public\sun.ico'.
堆栈跟踪:    at Microsoft.Win32.SafeHandles.SafeFileHandle.CreateFile(String fullPath, FileMode mode, FileAccess access, FileShare share, FileOptions options)
   at Microsoft.Win32.SafeHandles.SafeFileHandle.Open(String fullPath, FileMode mode, FileAccess access, FileShare share, FileOptions options, Int64 preallocationSize, Nullable`1 unixCreateMode)
   at System.IO.Strategies.OSFileStreamStrategy..ctor(String path, FileMode mode, FileAccess access, FileShare share, FileOptions options, Int64 preallocationSize, Nullable`1 unixCreateMode)
   at System.IO.Strategies.FileStreamHelpers.ChooseStrategyCore(String path, FileMode mode, FileAccess access, FileShare share, FileOptions options, Int64 preallocationSize, Nullable`1 unixCreateMode)
   at System.IO.FileStream..ctor(String path, FileMode mode, FileAccess access, FileShare share)
   at System.Windows.Media.Imaging.BitmapDecoder.SetupDecoderFromUriOrStream(Uri uri, Stream stream, BitmapCacheOption cacheOption, Guid& clsId, Boolean& isOriginalWritable, Stream& uriStream, UnmanagedMemoryStream& unmanagedMemoryStream, SafeFileHandle& safeFilehandle)
   at System.Windows.Media.Imaging.BitmapDecoder.CreateFromUriOrStream(Uri baseUri, Uri uri, Stream stream, BitmapCreateOptions createOptions, BitmapCacheOption cacheOption, RequestCachePolicy uriCachePolicy, Boolean insertInDecoderCache)
   at System.Windows.Media.Imaging.BitmapImage.FinalizeCreation()
   at System.Windows.Media.Imaging.BitmapSource.CompleteDelayedCreation()
   at System.Windows.Media.Imaging.BitmapSource.get_WicSourceHandle()
   at System.Windows.Media.Imaging.BitmapSource.get_DUCECompatiblePtr()
   at System.Windows.Media.Imaging.BitmapSource.UpdateBitmapSourceResource(Channel channel, Boolean skipOnChannelCheck)
   at System.Windows.Media.Imaging.BitmapSource.AddRefOnChannelCore(Channel channel)
   at System.Windows.Media.Imaging.BitmapSource.System.Windows.Media.Composition.DUCE.IResource.AddRefOnChannel(Channel channel)
   at System.Windows.Media.ImageBrush.AddRefOnChannelCore(Channel channel)
   at System.Windows.Media.Brush.System.Windows.Media.Composition.DUCE.IResource.AddRefOnChannel(Channel channel)
   at System.Windows.Media.RenderData.System.Windows.Media.Composition.DUCE.IResource.AddRefOnChannel(Channel channel)
   at System.Windows.UIElement.RenderContent(RenderContext ctx, Boolean isOnChannel)
   at System.Windows.Media.Visual.RenderRecursive(RenderContext ctx)
   at System.Windows.Media.Visual.UpdateChildren(RenderContext ctx, ResourceHandle handle)
   at System.Windows.Media.Visual.RenderRecursive(RenderContext ctx)
   at System.Windows.Media.Visual.UpdateChildren(RenderContext ctx, ResourceHandle handle)
   at System.Windows.Media.Visual.RenderRecursive(RenderContext ctx)
   at System.Windows.Media.Visual.UpdateChildren(RenderContext ctx, ResourceHandle handle)
   at System.Windows.Media.Visual.RenderRecursive(RenderContext ctx)
   at System.Windows.Media.Visual.UpdateChildren(RenderContext ctx, ResourceHandle handle)
   at System.Windows.Media.Visual.RenderRecursive(RenderContext ctx)
   at System.Windows.Media.Visual.UpdateChildren(RenderContext ctx, ResourceHandle handle)
   at System.Windows.Media.Visual.RenderRecursive(RenderContext ctx)
   at System.Windows.Media.Visual.UpdateChildren(RenderContext ctx, ResourceHandle handle)
   at System.Windows.Media.Visual.RenderRecursive(RenderContext ctx)
   at System.Windows.Media.Visual.UpdateChildren(RenderContext ctx, ResourceHandle handle)
   at System.Windows.Media.Visual.RenderRecursive(RenderContext ctx)
   at System.Windows.Media.Visual.UpdateChildren(RenderContext ctx, ResourceHandle handle)
   at System.Windows.Media.Visual.RenderRecursive(RenderContext ctx)
   at System.Windows.Media.Visual.Render(RenderContext ctx, UInt32 childIndex)
   at System.Windows.Media.CompositionTarget.Compile(Channel channel)
   at System.Windows.Media.CompositionTarget.System.Windows.Media.ICompositionTarget.Render(Boolean inResize, Channel channel)
   at System.Windows.Media.MediaContext.Render(ICompositionTarget resizedCompositionTarget)
   at System.Windows.Media.MediaContext.RenderMessageHandlerCore(Object resizedCompositionTarget)
   at System.Windows.Media.MediaContext.RenderMessageHandler(Object resizedCompositionTarget)
   at System.Windows.Threading.ExceptionWrapper.InternalRealCall(Delegate callback, Object args, Int32 numArgs)
   at System.Windows.Threading.ExceptionWrapper.TryCatchWhen(Object source, Delegate callback, Object args, Int32 numArgs, Delegate catchHandler)
[2025-09-10 11:02:52.577] INFO [进程ID: 15320] [线程ID: 1] [DMMDZZ_Game_Start.MainWindow.Button_Theme_Click]: 开始主题切换操作
[2025-09-10 11:02:52.583] INFO [进程ID: 15320] [线程ID: 1] [DMMDZZ_Game_Start.MainWindow.Button_Theme_Click]: 当前为亮色主题，准备切换到暗色主题
[2025-09-10 11:02:52.607] INFO [进程ID: 15320] [线程ID: 1] [DMMDZZ_Game_Start.MainWindow.Button_Theme_Click]: 主题切换完成，当前主题: 暗色
[2025-09-10 11:02:52.629] ERROR [进程ID: 15320] [线程ID: 1] [DMMDZZ_Game_Start.App.App_DispatcherUnhandledException]: UI线程异常: Could not find a part of the path 'F:\public\moon.ico'.
异常类型: System.IO.DirectoryNotFoundException
异常消息: Could not find a part of the path 'F:\public\moon.ico'.
堆栈跟踪:    at Microsoft.Win32.SafeHandles.SafeFileHandle.CreateFile(String fullPath, FileMode mode, FileAccess access, FileShare share, FileOptions options)
   at Microsoft.Win32.SafeHandles.SafeFileHandle.Open(String fullPath, FileMode mode, FileAccess access, FileShare share, FileOptions options, Int64 preallocationSize, Nullable`1 unixCreateMode)
   at System.IO.Strategies.OSFileStreamStrategy..ctor(String path, FileMode mode, FileAccess access, FileShare share, FileOptions options, Int64 preallocationSize, Nullable`1 unixCreateMode)
   at System.IO.Strategies.FileStreamHelpers.ChooseStrategyCore(String path, FileMode mode, FileAccess access, FileShare share, FileOptions options, Int64 preallocationSize, Nullable`1 unixCreateMode)
   at System.IO.FileStream..ctor(String path, FileMode mode, FileAccess access, FileShare share)
   at System.Windows.Media.Imaging.BitmapDecoder.SetupDecoderFromUriOrStream(Uri uri, Stream stream, BitmapCacheOption cacheOption, Guid& clsId, Boolean& isOriginalWritable, Stream& uriStream, UnmanagedMemoryStream& unmanagedMemoryStream, SafeFileHandle& safeFilehandle)
   at System.Windows.Media.Imaging.BitmapDecoder.CreateFromUriOrStream(Uri baseUri, Uri uri, Stream stream, BitmapCreateOptions createOptions, BitmapCacheOption cacheOption, RequestCachePolicy uriCachePolicy, Boolean insertInDecoderCache)
   at System.Windows.Media.Imaging.BitmapImage.FinalizeCreation()
   at System.Windows.Media.Imaging.BitmapSource.CompleteDelayedCreation()
   at System.Windows.Media.Imaging.BitmapSource.get_WicSourceHandle()
   at System.Windows.Media.Imaging.BitmapSource.get_DUCECompatiblePtr()
   at System.Windows.Media.Imaging.BitmapSource.UpdateBitmapSourceResource(Channel channel, Boolean skipOnChannelCheck)
   at System.Windows.Media.Imaging.BitmapSource.AddRefOnChannelCore(Channel channel)
   at System.Windows.Media.Imaging.BitmapSource.System.Windows.Media.Composition.DUCE.IResource.AddRefOnChannel(Channel channel)
   at System.Windows.Media.ImageBrush.AddRefOnChannelCore(Channel channel)
   at System.Windows.Media.Brush.System.Windows.Media.Composition.DUCE.IResource.AddRefOnChannel(Channel channel)
   at System.Windows.Media.RenderData.System.Windows.Media.Composition.DUCE.IResource.AddRefOnChannel(Channel channel)
   at System.Windows.UIElement.RenderContent(RenderContext ctx, Boolean isOnChannel)
   at System.Windows.Media.Visual.RenderRecursive(RenderContext ctx)
   at System.Windows.Media.Visual.UpdateChildren(RenderContext ctx, ResourceHandle handle)
   at System.Windows.Media.Visual.RenderRecursive(RenderContext ctx)
   at System.Windows.Media.Visual.UpdateChildren(RenderContext ctx, ResourceHandle handle)
   at System.Windows.Media.Visual.RenderRecursive(RenderContext ctx)
   at System.Windows.Media.Visual.UpdateChildren(RenderContext ctx, ResourceHandle handle)
   at System.Windows.Media.Visual.RenderRecursive(RenderContext ctx)
   at System.Windows.Media.Visual.UpdateChildren(RenderContext ctx, ResourceHandle handle)
   at System.Windows.Media.Visual.RenderRecursive(RenderContext ctx)
   at System.Windows.Media.Visual.UpdateChildren(RenderContext ctx, ResourceHandle handle)
   at System.Windows.Media.Visual.RenderRecursive(RenderContext ctx)
   at System.Windows.Media.Visual.UpdateChildren(RenderContext ctx, ResourceHandle handle)
   at System.Windows.Media.Visual.RenderRecursive(RenderContext ctx)
   at System.Windows.Media.Visual.UpdateChildren(RenderContext ctx, ResourceHandle handle)
   at System.Windows.Media.Visual.RenderRecursive(RenderContext ctx)
   at System.Windows.Media.Visual.UpdateChildren(RenderContext ctx, ResourceHandle handle)
   at System.Windows.Media.Visual.RenderRecursive(RenderContext ctx)
   at System.Windows.Media.Visual.Render(RenderContext ctx, UInt32 childIndex)
   at System.Windows.Media.CompositionTarget.Compile(Channel channel)
   at System.Windows.Media.CompositionTarget.System.Windows.Media.ICompositionTarget.Render(Boolean inResize, Channel channel)
   at System.Windows.Media.MediaContext.Render(ICompositionTarget resizedCompositionTarget)
   at System.Windows.Media.MediaContext.RenderMessageHandlerCore(Object resizedCompositionTarget)
   at System.Windows.Media.MediaContext.RenderMessageHandler(Object resizedCompositionTarget)
   at System.Windows.Threading.ExceptionWrapper.InternalRealCall(Delegate callback, Object args, Int32 numArgs)
   at System.Windows.Threading.ExceptionWrapper.TryCatchWhen(Object source, Delegate callback, Object args, Int32 numArgs, Delegate catchHandler)
[2025-09-10 11:02:52.895] INFO [进程ID: 15320] [线程ID: 1] [DMMDZZ_Game_Start.MainWindow.Button_Theme_Click]: 开始主题切换操作
[2025-09-10 11:02:52.901] INFO [进程ID: 15320] [线程ID: 1] [DMMDZZ_Game_Start.MainWindow.Button_Theme_Click]: 当前为暗色主题，准备切换到亮色主题
[2025-09-10 11:02:52.926] INFO [进程ID: 15320] [线程ID: 1] [DMMDZZ_Game_Start.MainWindow.Button_Theme_Click]: 主题切换完成，当前主题: 亮色
[2025-09-10 11:02:52.961] ERROR [进程ID: 15320] [线程ID: 1] [DMMDZZ_Game_Start.App.App_DispatcherUnhandledException]: UI线程异常: Could not find a part of the path 'F:\public\sun.ico'.
异常类型: System.IO.DirectoryNotFoundException
异常消息: Could not find a part of the path 'F:\public\sun.ico'.
堆栈跟踪:    at Microsoft.Win32.SafeHandles.SafeFileHandle.CreateFile(String fullPath, FileMode mode, FileAccess access, FileShare share, FileOptions options)
   at Microsoft.Win32.SafeHandles.SafeFileHandle.Open(String fullPath, FileMode mode, FileAccess access, FileShare share, FileOptions options, Int64 preallocationSize, Nullable`1 unixCreateMode)
   at System.IO.Strategies.OSFileStreamStrategy..ctor(String path, FileMode mode, FileAccess access, FileShare share, FileOptions options, Int64 preallocationSize, Nullable`1 unixCreateMode)
   at System.IO.Strategies.FileStreamHelpers.ChooseStrategyCore(String path, FileMode mode, FileAccess access, FileShare share, FileOptions options, Int64 preallocationSize, Nullable`1 unixCreateMode)
   at System.IO.FileStream..ctor(String path, FileMode mode, FileAccess access, FileShare share)
   at System.Windows.Media.Imaging.BitmapDecoder.SetupDecoderFromUriOrStream(Uri uri, Stream stream, BitmapCacheOption cacheOption, Guid& clsId, Boolean& isOriginalWritable, Stream& uriStream, UnmanagedMemoryStream& unmanagedMemoryStream, SafeFileHandle& safeFilehandle)
   at System.Windows.Media.Imaging.BitmapDecoder.CreateFromUriOrStream(Uri baseUri, Uri uri, Stream stream, BitmapCreateOptions createOptions, BitmapCacheOption cacheOption, RequestCachePolicy uriCachePolicy, Boolean insertInDecoderCache)
   at System.Windows.Media.Imaging.BitmapImage.FinalizeCreation()
   at System.Windows.Media.Imaging.BitmapSource.CompleteDelayedCreation()
   at System.Windows.Media.Imaging.BitmapSource.get_WicSourceHandle()
   at System.Windows.Media.Imaging.BitmapSource.get_DUCECompatiblePtr()
   at System.Windows.Media.Imaging.BitmapSource.UpdateBitmapSourceResource(Channel channel, Boolean skipOnChannelCheck)
   at System.Windows.Media.Imaging.BitmapSource.AddRefOnChannelCore(Channel channel)
   at System.Windows.Media.Imaging.BitmapSource.System.Windows.Media.Composition.DUCE.IResource.AddRefOnChannel(Channel channel)
   at System.Windows.Media.ImageBrush.AddRefOnChannelCore(Channel channel)
   at System.Windows.Media.Brush.System.Windows.Media.Composition.DUCE.IResource.AddRefOnChannel(Channel channel)
   at System.Windows.Media.RenderData.System.Windows.Media.Composition.DUCE.IResource.AddRefOnChannel(Channel channel)
   at System.Windows.UIElement.RenderContent(RenderContext ctx, Boolean isOnChannel)
   at System.Windows.Media.Visual.RenderRecursive(RenderContext ctx)
   at System.Windows.Media.Visual.UpdateChildren(RenderContext ctx, ResourceHandle handle)
   at System.Windows.Media.Visual.RenderRecursive(RenderContext ctx)
   at System.Windows.Media.Visual.UpdateChildren(RenderContext ctx, ResourceHandle handle)
   at System.Windows.Media.Visual.RenderRecursive(RenderContext ctx)
   at System.Windows.Media.Visual.UpdateChildren(RenderContext ctx, ResourceHandle handle)
   at System.Windows.Media.Visual.RenderRecursive(RenderContext ctx)
   at System.Windows.Media.Visual.UpdateChildren(RenderContext ctx, ResourceHandle handle)
   at System.Windows.Media.Visual.RenderRecursive(RenderContext ctx)
   at System.Windows.Media.Visual.UpdateChildren(RenderContext ctx, ResourceHandle handle)
   at System.Windows.Media.Visual.RenderRecursive(RenderContext ctx)
   at System.Windows.Media.Visual.UpdateChildren(RenderContext ctx, ResourceHandle handle)
   at System.Windows.Media.Visual.RenderRecursive(RenderContext ctx)
   at System.Windows.Media.Visual.UpdateChildren(RenderContext ctx, ResourceHandle handle)
   at System.Windows.Media.Visual.RenderRecursive(RenderContext ctx)
   at System.Windows.Media.Visual.UpdateChildren(RenderContext ctx, ResourceHandle handle)
   at System.Windows.Media.Visual.RenderRecursive(RenderContext ctx)
   at System.Windows.Media.Visual.Render(RenderContext ctx, UInt32 childIndex)
   at System.Windows.Media.CompositionTarget.Compile(Channel channel)
   at System.Windows.Media.CompositionTarget.System.Windows.Media.ICompositionTarget.Render(Boolean inResize, Channel channel)
   at System.Windows.Media.MediaContext.Render(ICompositionTarget resizedCompositionTarget)
   at System.Windows.Media.MediaContext.RenderMessageHandlerCore(Object resizedCompositionTarget)
   at System.Windows.Media.MediaContext.RenderMessageHandler(Object resizedCompositionTarget)
   at System.Windows.Threading.ExceptionWrapper.InternalRealCall(Delegate callback, Object args, Int32 numArgs)
   at System.Windows.Threading.ExceptionWrapper.TryCatchWhen(Object source, Delegate callback, Object args, Int32 numArgs, Delegate catchHandler)
[2025-09-10 11:02:53.301] INFO [进程ID: 15320] [线程ID: 1] [DMMDZZ_Game_Start.MainWindow.Button_Theme_Click]: 开始主题切换操作
[2025-09-10 11:02:53.308] INFO [进程ID: 15320] [线程ID: 1] [DMMDZZ_Game_Start.MainWindow.Button_Theme_Click]: 当前为亮色主题，准备切换到暗色主题
[2025-09-10 11:02:53.335] INFO [进程ID: 15320] [线程ID: 1] [DMMDZZ_Game_Start.MainWindow.Button_Theme_Click]: 主题切换完成，当前主题: 暗色
[2025-09-10 11:02:53.360] ERROR [进程ID: 15320] [线程ID: 1] [DMMDZZ_Game_Start.App.App_DispatcherUnhandledException]: UI线程异常: Could not find a part of the path 'F:\public\moon.ico'.
异常类型: System.IO.DirectoryNotFoundException
异常消息: Could not find a part of the path 'F:\public\moon.ico'.
堆栈跟踪:    at Microsoft.Win32.SafeHandles.SafeFileHandle.CreateFile(String fullPath, FileMode mode, FileAccess access, FileShare share, FileOptions options)
   at Microsoft.Win32.SafeHandles.SafeFileHandle.Open(String fullPath, FileMode mode, FileAccess access, FileShare share, FileOptions options, Int64 preallocationSize, Nullable`1 unixCreateMode)
   at System.IO.Strategies.OSFileStreamStrategy..ctor(String path, FileMode mode, FileAccess access, FileShare share, FileOptions options, Int64 preallocationSize, Nullable`1 unixCreateMode)
   at System.IO.Strategies.FileStreamHelpers.ChooseStrategyCore(String path, FileMode mode, FileAccess access, FileShare share, FileOptions options, Int64 preallocationSize, Nullable`1 unixCreateMode)
   at System.IO.FileStream..ctor(String path, FileMode mode, FileAccess access, FileShare share)
   at System.Windows.Media.Imaging.BitmapDecoder.SetupDecoderFromUriOrStream(Uri uri, Stream stream, BitmapCacheOption cacheOption, Guid& clsId, Boolean& isOriginalWritable, Stream& uriStream, UnmanagedMemoryStream& unmanagedMemoryStream, SafeFileHandle& safeFilehandle)
   at System.Windows.Media.Imaging.BitmapDecoder.CreateFromUriOrStream(Uri baseUri, Uri uri, Stream stream, BitmapCreateOptions createOptions, BitmapCacheOption cacheOption, RequestCachePolicy uriCachePolicy, Boolean insertInDecoderCache)
   at System.Windows.Media.Imaging.BitmapImage.FinalizeCreation()
   at System.Windows.Media.Imaging.BitmapSource.CompleteDelayedCreation()
   at System.Windows.Media.Imaging.BitmapSource.get_WicSourceHandle()
   at System.Windows.Media.Imaging.BitmapSource.get_DUCECompatiblePtr()
   at System.Windows.Media.Imaging.BitmapSource.UpdateBitmapSourceResource(Channel channel, Boolean skipOnChannelCheck)
   at System.Windows.Media.Imaging.BitmapSource.AddRefOnChannelCore(Channel channel)
   at System.Windows.Media.Imaging.BitmapSource.System.Windows.Media.Composition.DUCE.IResource.AddRefOnChannel(Channel channel)
   at System.Windows.Media.ImageBrush.AddRefOnChannelCore(Channel channel)
   at System.Windows.Media.Brush.System.Windows.Media.Composition.DUCE.IResource.AddRefOnChannel(Channel channel)
   at System.Windows.Media.RenderData.System.Windows.Media.Composition.DUCE.IResource.AddRefOnChannel(Channel channel)
   at System.Windows.UIElement.RenderContent(RenderContext ctx, Boolean isOnChannel)
   at System.Windows.Media.Visual.RenderRecursive(RenderContext ctx)
   at System.Windows.Media.Visual.UpdateChildren(RenderContext ctx, ResourceHandle handle)
   at System.Windows.Media.Visual.RenderRecursive(RenderContext ctx)
   at System.Windows.Media.Visual.UpdateChildren(RenderContext ctx, ResourceHandle handle)
   at System.Windows.Media.Visual.RenderRecursive(RenderContext ctx)
   at System.Windows.Media.Visual.UpdateChildren(RenderContext ctx, ResourceHandle handle)
   at System.Windows.Media.Visual.RenderRecursive(RenderContext ctx)
   at System.Windows.Media.Visual.UpdateChildren(RenderContext ctx, ResourceHandle handle)
   at System.Windows.Media.Visual.RenderRecursive(RenderContext ctx)
   at System.Windows.Media.Visual.UpdateChildren(RenderContext ctx, ResourceHandle handle)
   at System.Windows.Media.Visual.RenderRecursive(RenderContext ctx)
   at System.Windows.Media.Visual.UpdateChildren(RenderContext ctx, ResourceHandle handle)
   at System.Windows.Media.Visual.RenderRecursive(RenderContext ctx)
   at System.Windows.Media.Visual.UpdateChildren(RenderContext ctx, ResourceHandle handle)
   at System.Windows.Media.Visual.RenderRecursive(RenderContext ctx)
   at System.Windows.Media.Visual.UpdateChildren(RenderContext ctx, ResourceHandle handle)
   at System.Windows.Media.Visual.RenderRecursive(RenderContext ctx)
   at System.Windows.Media.Visual.Render(RenderContext ctx, UInt32 childIndex)
   at System.Windows.Media.CompositionTarget.Compile(Channel channel)
   at System.Windows.Media.CompositionTarget.System.Windows.Media.ICompositionTarget.Render(Boolean inResize, Channel channel)
   at System.Windows.Media.MediaContext.Render(ICompositionTarget resizedCompositionTarget)
   at System.Windows.Media.MediaContext.RenderMessageHandlerCore(Object resizedCompositionTarget)
   at System.Windows.Media.MediaContext.RenderMessageHandler(Object resizedCompositionTarget)
   at System.Windows.Threading.ExceptionWrapper.InternalRealCall(Delegate callback, Object args, Int32 numArgs)
   at System.Windows.Threading.ExceptionWrapper.TryCatchWhen(Object source, Delegate callback, Object args, Int32 numArgs, Delegate catchHandler)
[2025-09-10 11:02:53.711] INFO [进程ID: 15320] [线程ID: 1] [DMMDZZ_Game_Start.MainWindow.Button_Theme_Click]: 开始主题切换操作
[2025-09-10 11:02:53.718] INFO [进程ID: 15320] [线程ID: 1] [DMMDZZ_Game_Start.MainWindow.Button_Theme_Click]: 当前为暗色主题，准备切换到亮色主题
[2025-09-10 11:02:53.749] INFO [进程ID: 15320] [线程ID: 1] [DMMDZZ_Game_Start.MainWindow.Button_Theme_Click]: 主题切换完成，当前主题: 亮色
[2025-09-10 11:02:53.774] ERROR [进程ID: 15320] [线程ID: 1] [DMMDZZ_Game_Start.App.App_DispatcherUnhandledException]: UI线程异常: Could not find a part of the path 'F:\public\sun.ico'.
异常类型: System.IO.DirectoryNotFoundException
异常消息: Could not find a part of the path 'F:\public\sun.ico'.
堆栈跟踪:    at Microsoft.Win32.SafeHandles.SafeFileHandle.CreateFile(String fullPath, FileMode mode, FileAccess access, FileShare share, FileOptions options)
   at Microsoft.Win32.SafeHandles.SafeFileHandle.Open(String fullPath, FileMode mode, FileAccess access, FileShare share, FileOptions options, Int64 preallocationSize, Nullable`1 unixCreateMode)
   at System.IO.Strategies.OSFileStreamStrategy..ctor(String path, FileMode mode, FileAccess access, FileShare share, FileOptions options, Int64 preallocationSize, Nullable`1 unixCreateMode)
   at System.IO.Strategies.FileStreamHelpers.ChooseStrategyCore(String path, FileMode mode, FileAccess access, FileShare share, FileOptions options, Int64 preallocationSize, Nullable`1 unixCreateMode)
   at System.IO.FileStream..ctor(String path, FileMode mode, FileAccess access, FileShare share)
   at System.Windows.Media.Imaging.BitmapDecoder.SetupDecoderFromUriOrStream(Uri uri, Stream stream, BitmapCacheOption cacheOption, Guid& clsId, Boolean& isOriginalWritable, Stream& uriStream, UnmanagedMemoryStream& unmanagedMemoryStream, SafeFileHandle& safeFilehandle)
   at System.Windows.Media.Imaging.BitmapDecoder.CreateFromUriOrStream(Uri baseUri, Uri uri, Stream stream, BitmapCreateOptions createOptions, BitmapCacheOption cacheOption, RequestCachePolicy uriCachePolicy, Boolean insertInDecoderCache)
   at System.Windows.Media.Imaging.BitmapImage.FinalizeCreation()
   at System.Windows.Media.Imaging.BitmapSource.CompleteDelayedCreation()
   at System.Windows.Media.Imaging.BitmapSource.get_WicSourceHandle()
   at System.Windows.Media.Imaging.BitmapSource.get_DUCECompatiblePtr()
   at System.Windows.Media.Imaging.BitmapSource.UpdateBitmapSourceResource(Channel channel, Boolean skipOnChannelCheck)
   at System.Windows.Media.Imaging.BitmapSource.AddRefOnChannelCore(Channel channel)
   at System.Windows.Media.Imaging.BitmapSource.System.Windows.Media.Composition.DUCE.IResource.AddRefOnChannel(Channel channel)
   at System.Windows.Media.ImageBrush.AddRefOnChannelCore(Channel channel)
   at System.Windows.Media.Brush.System.Windows.Media.Composition.DUCE.IResource.AddRefOnChannel(Channel channel)
   at System.Windows.Media.RenderData.System.Windows.Media.Composition.DUCE.IResource.AddRefOnChannel(Channel channel)
   at System.Windows.UIElement.RenderContent(RenderContext ctx, Boolean isOnChannel)
   at System.Windows.Media.Visual.RenderRecursive(RenderContext ctx)
   at System.Windows.Media.Visual.UpdateChildren(RenderContext ctx, ResourceHandle handle)
   at System.Windows.Media.Visual.RenderRecursive(RenderContext ctx)
   at System.Windows.Media.Visual.UpdateChildren(RenderContext ctx, ResourceHandle handle)
   at System.Windows.Media.Visual.RenderRecursive(RenderContext ctx)
   at System.Windows.Media.Visual.UpdateChildren(RenderContext ctx, ResourceHandle handle)
   at System.Windows.Media.Visual.RenderRecursive(RenderContext ctx)
   at System.Windows.Media.Visual.UpdateChildren(RenderContext ctx, ResourceHandle handle)
   at System.Windows.Media.Visual.RenderRecursive(RenderContext ctx)
   at System.Windows.Media.Visual.UpdateChildren(RenderContext ctx, ResourceHandle handle)
   at System.Windows.Media.Visual.RenderRecursive(RenderContext ctx)
   at System.Windows.Media.Visual.UpdateChildren(RenderContext ctx, ResourceHandle handle)
   at System.Windows.Media.Visual.RenderRecursive(RenderContext ctx)
   at System.Windows.Media.Visual.UpdateChildren(RenderContext ctx, ResourceHandle handle)
   at System.Windows.Media.Visual.RenderRecursive(RenderContext ctx)
   at System.Windows.Media.Visual.UpdateChildren(RenderContext ctx, ResourceHandle handle)
   at System.Windows.Media.Visual.RenderRecursive(RenderContext ctx)
   at System.Windows.Media.Visual.Render(RenderContext ctx, UInt32 childIndex)
   at System.Windows.Media.CompositionTarget.Compile(Channel channel)
   at System.Windows.Media.CompositionTarget.System.Windows.Media.ICompositionTarget.Render(Boolean inResize, Channel channel)
   at System.Windows.Media.MediaContext.Render(ICompositionTarget resizedCompositionTarget)
   at System.Windows.Media.MediaContext.RenderMessageHandlerCore(Object resizedCompositionTarget)
   at System.Windows.Media.MediaContext.RenderMessageHandler(Object resizedCompositionTarget)
   at System.Windows.Threading.ExceptionWrapper.InternalRealCall(Delegate callback, Object args, Int32 numArgs)
   at System.Windows.Threading.ExceptionWrapper.TryCatchWhen(Object source, Delegate callback, Object args, Int32 numArgs, Delegate catchHandler)
[2025-09-10 11:02:54.071] INFO [进程ID: 15320] [线程ID: 1] [DMMDZZ_Game_Start.MainWindow.Button_Theme_Click]: 开始主题切换操作
[2025-09-10 11:02:54.087] INFO [进程ID: 15320] [线程ID: 1] [DMMDZZ_Game_Start.MainWindow.Button_Theme_Click]: 当前为亮色主题，准备切换到暗色主题
[2025-09-10 11:02:54.120] INFO [进程ID: 15320] [线程ID: 1] [DMMDZZ_Game_Start.MainWindow.Button_Theme_Click]: 主题切换完成，当前主题: 暗色
[2025-09-10 11:02:54.152] ERROR [进程ID: 15320] [线程ID: 1] [DMMDZZ_Game_Start.App.App_DispatcherUnhandledException]: UI线程异常: Could not find a part of the path 'F:\public\moon.ico'.
异常类型: System.IO.DirectoryNotFoundException
异常消息: Could not find a part of the path 'F:\public\moon.ico'.
堆栈跟踪:    at Microsoft.Win32.SafeHandles.SafeFileHandle.CreateFile(String fullPath, FileMode mode, FileAccess access, FileShare share, FileOptions options)
   at Microsoft.Win32.SafeHandles.SafeFileHandle.Open(String fullPath, FileMode mode, FileAccess access, FileShare share, FileOptions options, Int64 preallocationSize, Nullable`1 unixCreateMode)
   at System.IO.Strategies.OSFileStreamStrategy..ctor(String path, FileMode mode, FileAccess access, FileShare share, FileOptions options, Int64 preallocationSize, Nullable`1 unixCreateMode)
   at System.IO.Strategies.FileStreamHelpers.ChooseStrategyCore(String path, FileMode mode, FileAccess access, FileShare share, FileOptions options, Int64 preallocationSize, Nullable`1 unixCreateMode)
   at System.IO.FileStream..ctor(String path, FileMode mode, FileAccess access, FileShare share)
   at System.Windows.Media.Imaging.BitmapDecoder.SetupDecoderFromUriOrStream(Uri uri, Stream stream, BitmapCacheOption cacheOption, Guid& clsId, Boolean& isOriginalWritable, Stream& uriStream, UnmanagedMemoryStream& unmanagedMemoryStream, SafeFileHandle& safeFilehandle)
   at System.Windows.Media.Imaging.BitmapDecoder.CreateFromUriOrStream(Uri baseUri, Uri uri, Stream stream, BitmapCreateOptions createOptions, BitmapCacheOption cacheOption, RequestCachePolicy uriCachePolicy, Boolean insertInDecoderCache)
   at System.Windows.Media.Imaging.BitmapImage.FinalizeCreation()
   at System.Windows.Media.Imaging.BitmapSource.CompleteDelayedCreation()
   at System.Windows.Media.Imaging.BitmapSource.get_WicSourceHandle()
   at System.Windows.Media.Imaging.BitmapSource.get_DUCECompatiblePtr()
   at System.Windows.Media.Imaging.BitmapSource.UpdateBitmapSourceResource(Channel channel, Boolean skipOnChannelCheck)
   at System.Windows.Media.Imaging.BitmapSource.AddRefOnChannelCore(Channel channel)
   at System.Windows.Media.Imaging.BitmapSource.System.Windows.Media.Composition.DUCE.IResource.AddRefOnChannel(Channel channel)
   at System.Windows.Media.ImageBrush.AddRefOnChannelCore(Channel channel)
   at System.Windows.Media.Brush.System.Windows.Media.Composition.DUCE.IResource.AddRefOnChannel(Channel channel)
   at System.Windows.Media.RenderData.System.Windows.Media.Composition.DUCE.IResource.AddRefOnChannel(Channel channel)
   at System.Windows.UIElement.RenderContent(RenderContext ctx, Boolean isOnChannel)
   at System.Windows.Media.Visual.RenderRecursive(RenderContext ctx)
   at System.Windows.Media.Visual.UpdateChildren(RenderContext ctx, ResourceHandle handle)
   at System.Windows.Media.Visual.RenderRecursive(RenderContext ctx)
   at System.Windows.Media.Visual.UpdateChildren(RenderContext ctx, ResourceHandle handle)
   at System.Windows.Media.Visual.RenderRecursive(RenderContext ctx)
   at System.Windows.Media.Visual.UpdateChildren(RenderContext ctx, ResourceHandle handle)
   at System.Windows.Media.Visual.RenderRecursive(RenderContext ctx)
   at System.Windows.Media.Visual.UpdateChildren(RenderContext ctx, ResourceHandle handle)
   at System.Windows.Media.Visual.RenderRecursive(RenderContext ctx)
   at System.Windows.Media.Visual.UpdateChildren(RenderContext ctx, ResourceHandle handle)
   at System.Windows.Media.Visual.RenderRecursive(RenderContext ctx)
   at System.Windows.Media.Visual.UpdateChildren(RenderContext ctx, ResourceHandle handle)
   at System.Windows.Media.Visual.RenderRecursive(RenderContext ctx)
   at System.Windows.Media.Visual.UpdateChildren(RenderContext ctx, ResourceHandle handle)
   at System.Windows.Media.Visual.RenderRecursive(RenderContext ctx)
   at System.Windows.Media.Visual.UpdateChildren(RenderContext ctx, ResourceHandle handle)
   at System.Windows.Media.Visual.RenderRecursive(RenderContext ctx)
   at System.Windows.Media.Visual.Render(RenderContext ctx, UInt32 childIndex)
   at System.Windows.Media.CompositionTarget.Compile(Channel channel)
   at System.Windows.Media.CompositionTarget.System.Windows.Media.ICompositionTarget.Render(Boolean inResize, Channel channel)
   at System.Windows.Media.MediaContext.Render(ICompositionTarget resizedCompositionTarget)
   at System.Windows.Media.MediaContext.RenderMessageHandlerCore(Object resizedCompositionTarget)
   at System.Windows.Media.MediaContext.RenderMessageHandler(Object resizedCompositionTarget)
   at System.Windows.Threading.ExceptionWrapper.InternalRealCall(Delegate callback, Object args, Int32 numArgs)
   at System.Windows.Threading.ExceptionWrapper.TryCatchWhen(Object source, Delegate callback, Object args, Int32 numArgs, Delegate catchHandler)
